0 info it worked if it ends with ok
1 verbose cli [ '/usr/bin/nodejs', '/usr/bin/npm', 'install', 'laravel-eloxir' ]
2 info using npm@2.14.12
3 info using node@v4.2.4
4 verbose install initial load of /var/www/html/blaafront2/package.json
5 verbose installManyTop reading scoped package data from /var/www/html/blaafront2/node_modules/bootstrap-sass/package.json
6 verbose installManyTop reading scoped package data from /var/www/html/blaafront2/node_modules/concat-with-sourcemaps/package.json
7 verbose installManyTop reading scoped package data from /var/www/html/blaafront2/node_modules/gulp/package.json
8 verbose installManyTop reading scoped package data from /var/www/html/blaafront2/node_modules/gulp-concat/package.json
9 verbose installManyTop reading scoped package data from /var/www/html/blaafront2/node_modules/gulp-minify/package.json
10 verbose installManyTop reading scoped package data from /var/www/html/blaafront2/node_modules/gulp-sourcemaps/package.json
11 verbose installManyTop reading scoped package data from /var/www/html/blaafront2/node_modules/gulp-util/package.json
12 verbose installManyTop reading scoped package data from /var/www/html/blaafront2/node_modules/laravel-elixir/package.json
13 verbose installManyTop reading scoped package data from /var/www/html/blaafront2/node_modules/motion-ui/package.json
14 verbose installManyTop reading scoped package data from /var/www/html/blaafront2/node_modules/react/package.json
15 verbose installManyTop reading scoped package data from /var/www/html/blaafront2/node_modules/react-datepicker/package.json
16 verbose installManyTop reading scoped package data from /var/www/html/blaafront2/node_modules/react-dom/package.json
17 verbose installManyTop reading scoped package data from /var/www/html/blaafront2/node_modules/through2/package.json
18 verbose readDependencies loading dependencies from /var/www/html/blaafront2/package.json
19 silly cache add args [ 'laravel-eloxir', null ]
20 verbose cache add spec laravel-eloxir
21 silly cache add parsed spec Result {
21 silly cache add   raw: 'laravel-eloxir',
21 silly cache add   scope: null,
21 silly cache add   name: 'laravel-eloxir',
21 silly cache add   rawSpec: '',
21 silly cache add   spec: 'latest',
21 silly cache add   type: 'tag' }
22 silly addNamed laravel-eloxir@latest
23 verbose addNamed "latest" is being treated as a dist-tag for laravel-eloxir
24 info addNameTag [ 'laravel-eloxir', 'latest' ]
25 silly mapToRegistry name laravel-eloxir
26 silly mapToRegistry using default registry
27 silly mapToRegistry registry https://registry.npmjs.org/
28 silly mapToRegistry uri https://registry.npmjs.org/laravel-eloxir
29 verbose addNameTag registry:https://registry.npmjs.org/laravel-eloxir not in flight; fetching
30 verbose request uri https://registry.npmjs.org/laravel-eloxir
31 verbose request no auth needed
32 info attempt registry request try #1 at 00:59:34
33 verbose request id 2ac473036091f75c
34 http request GET https://registry.npmjs.org/laravel-eloxir
35 http 404 https://registry.npmjs.org/laravel-eloxir
36 verbose headers { 'content-type': 'application/json',
36 verbose headers   'cache-control': 'max-age=0',
36 verbose headers   'content-length': '2',
36 verbose headers   'accept-ranges': 'bytes',
36 verbose headers   date: 'Sat, 10 Sep 2016 05:59:31 GMT',
36 verbose headers   via: '1.1 varnish',
36 verbose headers   age: '0',
36 verbose headers   connection: 'keep-alive',
36 verbose headers   'x-served-by': 'cache-atl6241-ATL',
36 verbose headers   'x-cache': 'MISS',
36 verbose headers   'x-cache-hits': '0',
36 verbose headers   'x-timer': 'S1473487171.661930,VS0,VE225',
36 verbose headers   vary: 'Accept-Encoding' }
37 silly get cb [ 404,
37 silly get   { 'content-type': 'application/json',
37 silly get     'cache-control': 'max-age=0',
37 silly get     'content-length': '2',
37 silly get     'accept-ranges': 'bytes',
37 silly get     date: 'Sat, 10 Sep 2016 05:59:31 GMT',
37 silly get     via: '1.1 varnish',
37 silly get     age: '0',
37 silly get     connection: 'keep-alive',
37 silly get     'x-served-by': 'cache-atl6241-ATL',
37 silly get     'x-cache': 'MISS',
37 silly get     'x-cache-hits': '0',
37 silly get     'x-timer': 'S1473487171.661930,VS0,VE225',
37 silly get     vary: 'Accept-Encoding' } ]
38 verbose stack Error: Registry returned 404 for GET on https://registry.npmjs.org/laravel-eloxir
38 verbose stack     at makeError (/usr/lib/node_modules/npm/node_modules/npm-registry-client/lib/request.js:264:12)
38 verbose stack     at CachingRegistryClient.<anonymous> (/usr/lib/node_modules/npm/node_modules/npm-registry-client/lib/request.js:242:14)
38 verbose stack     at Request._callback (/usr/lib/node_modules/npm/node_modules/npm-registry-client/lib/request.js:172:14)
38 verbose stack     at Request.self.callback (/usr/lib/node_modules/npm/node_modules/request/request.js:198:22)
38 verbose stack     at emitTwo (events.js:87:13)
38 verbose stack     at Request.emit (events.js:172:7)
38 verbose stack     at Request.<anonymous> (/usr/lib/node_modules/npm/node_modules/request/request.js:1082:10)
38 verbose stack     at emitOne (events.js:82:20)
38 verbose stack     at Request.emit (events.js:169:7)
38 verbose stack     at IncomingMessage.<anonymous> (/usr/lib/node_modules/npm/node_modules/request/request.js:1009:12)
39 verbose statusCode 404
40 verbose pkgid laravel-eloxir
41 verbose cwd /var/www/html/blaafront2
42 error Linux 3.19.0-25-generic
43 error argv "/usr/bin/nodejs" "/usr/bin/npm" "install" "laravel-eloxir"
44 error node v4.2.4
45 error npm  v2.14.12
46 error code E404
47 error 404 Registry returned 404 for GET on https://registry.npmjs.org/laravel-eloxir
47 error 404
47 error 404 'laravel-eloxir' is not in the npm registry.
47 error 404 You should bug the author to publish it (or use the name yourself!)
47 error 404
47 error 404 Note that you can also install from a
47 error 404 tarball, folder, http url, or git url.
48 verbose exit [ 1, true ]
